<?xml version="1.0" encoding="UTF-8"?>
<testng-results ignored="35" total="37" passed="2" failed="0" skipped="0">
  <reporter-output>
  </reporter-output>
  <suite started-at="2023-07-21T18:23:57 PKT" name="SmartCommerce Test Suite" finished-at="2023-07-21T18:25:27 PKT" duration-ms="89897">
    <groups>
      <group name="SC_Smoke2">
        <method signature="UsersTest.CREATE_USER_CLIENTIMPLEMENTER()[pri:2, instance:com.SmartCommerce.PageTests.UsersTest@6d24ffa1]" name="CREATE_USER_CLIENTIMPLEMENTER" class="com.SmartCommerce.PageTests.UsersTest"/>
        <method signature="UsersTest.CREATE_USER_CLIENTVIEWER()[pri:1, instance:com.SmartCommerce.PageTests.UsersTest@6d24ffa1]" name="CREATE_USER_CLIENTVIEWER" class="com.SmartCommerce.PageTests.UsersTest"/>
      </group> <!-- SC_Smoke2 -->
    </groups>
    <test started-at="2023-07-21T18:23:57 PKT" name="SmartCommerce Smoke Test Demo" finished-at="2023-07-21T18:25:27 PKT" duration-ms="89897">
      <class name="com.SmartCommerce.PageTests.UsersTest">
        <test-method is-config="true" signature="setup()[pri:0, instance:com.SmartCommerce.PageTests.UsersTest@6d24ffa1]" started-at="2023-07-21T18:23:57 PKT" name="setup" finished-at="2023-07-21T18:24:05 PKT" duration-ms="8050" status="PASS">
          <reporter-output>
          </reporter-output>
        </test-method> <!-- setup -->
        <test-method signature="CREATE_USER_CLIENTVIEWER()[pri:1, instance:com.SmartCommerce.PageTests.UsersTest@6d24ffa1]" started-at="2023-07-21T18:24:05 PKT" name="CREATE_USER_CLIENTVIEWER" description="Verify Creating and Logging Into User having Role Client Viewer" finished-at="2023-07-21T18:24:39 PKT" duration-ms="34436" status="PASS">
          <reporter-output>
          </reporter-output>
        </test-method> <!-- CREATE_USER_CLIENTVIEWER -->
        <test-method is-config="true" signature="teardown()[pri:0, instance:com.SmartCommerce.PageTests.UsersTest@6d24ffa1]" started-at="2023-07-21T18:24:39 PKT" name="teardown" finished-at="2023-07-21T18:24:40 PKT" duration-ms="562" status="PASS">
          <reporter-output>
          </reporter-output>
        </test-method> <!-- teardown -->
        <test-method is-config="true" signature="setup()[pri:0, instance:com.SmartCommerce.PageTests.UsersTest@6d24ffa1]" started-at="2023-07-21T18:24:40 PKT" name="setup" finished-at="2023-07-21T18:24:49 PKT" duration-ms="9376" status="PASS">
          <reporter-output>
          </reporter-output>
        </test-method> <!-- setup -->
        <test-method signature="CREATE_USER_CLIENTIMPLEMENTER()[pri:2, instance:com.SmartCommerce.PageTests.UsersTest@6d24ffa1]" started-at="2023-07-21T18:24:49 PKT" name="CREATE_USER_CLIENTIMPLEMENTER" description="Verify Creating and Logging Into User having Role Client Implementer" finished-at="2023-07-21T18:25:26 PKT" duration-ms="37155" status="PASS">
          <reporter-output>
          </reporter-output>
        </test-method> <!-- CREATE_USER_CLIENTIMPLEMENTER -->
        <test-method is-config="true" signature="teardown()[pri:0, instance:com.SmartCommerce.PageTests.UsersTest@6d24ffa1]" started-at="2023-07-21T18:25:26 PKT" name="teardown" finished-at="2023-07-21T18:25:27 PKT" duration-ms="286" status="PASS">
          <reporter-output>
          </reporter-output>
        </test-method> <!-- teardown -->
      </class> <!-- com.SmartCommerce.PageTests.UsersTest -->
    </test> <!-- SmartCommerce Smoke Test Demo -->
  </suite> <!-- SmartCommerce Test Suite -->
</testng-results>
