<?xml version="1.0" encoding="UTF-8"?>
<!-- Generated by org.testng.reporters.JUnitXMLReporter -->
<testsuite ignored="4" hostname="LAPTOP221" failures="0" tests="1" name="SCLoginTest" time="36.492" errors="0" timestamp="2023-06-22T15:50:41 PKT">
  <testcase classname="com.SmartCommerce.PageTests.Click2CartTest" name="C2C_EDIT_AND_SAVE" time="30.685"/>
  <testcase classname="com.SmartCommerce.PageTests.Click2CartTest" name="C2C_Click_On_Existing_URL" time="0.0">
    <ignored/>
  </testcase> <!-- C2C_Click_On_Existing_URL -->
  <testcase classname="com.SmartCommerce.PageTests.Click2CartTest" name="C2C_Copy_URL" time="0.0">
    <ignored/>
  </testcase> <!-- C2C_Copy_URL -->
  <testcase classname="com.SmartCommerce.PageTests.Click2CartTest" name="C2C_Verify_Existing_URLS" time="0.0">
    <ignored/>
  </testcase> <!-- C2C_Verify_Existing_URLS -->
  <testcase classname="com.SmartCommerce.PageTests.Click2CartTest" name="C2C_Delete_URL" time="0.0">
    <ignored/>
  </testcase> <!-- C2C_Delete_URL -->
</testsuite> <!-- SCLoginTest -->
