<?xml version="1.0" encoding="UTF-8"?>
<!-- Generated by org.testng.reporters.JUnitXMLReporter -->
<testsuite ignored="35" hostname="LAPTOP221" failures="0" tests="2" name="SmartCommerce Smoke Test Demo" time="89.897" errors="0" timestamp="2023-07-21T18:25:27 PKT">
  <testcase classname="com.SmartCommerce.PageTests.UsersTest" name="CREATE_USER_CLIENTVIEWER" time="34.436"/>
  <testcase classname="com.SmartCommerce.PageTests.UsersTest" name="CREATE_USER_CLIENTIMPLEMENTER" time="37.155"/>
  <testcase classname="com.SmartCommerce.PageTests.SmartSiteTest" name="SMARTSITE_CREATE_WIDGET_USING_WILDCARD" time="0.0">
    <ignored/>
  </testcase> <!-- SMARTSITE_CREATE_WIDGET_USING_WILDCARD -->
  <testcase classname="com.SmartCommerce.PageTests.Click2CartTest" name="C2C_CREATE_USING_UPC" time="0.0">
    <ignored/>
  </testcase> <!-- C2C_CREATE_USING_UPC -->
  <testcase classname="com.SmartCommerce.PageTests.ShopperChoiceTest" name="SHOPPERCHOICE_WTB_RETAILER_SELECTED_LANGUAGE" time="0.0">
    <ignored/>
  </testcase> <!-- SHOPPERCHOICE_WTB_RETAILER_SELECTED_LANGUAGE -->
  <testcase classname="com.SmartCommerce.PageTests.Click2CartTest" name="C2C_Delete_URL" time="0.0">
    <ignored/>
  </testcase> <!-- C2C_Delete_URL -->
  <testcase classname="com.SmartCommerce.PageTests.ShopperChoiceTest" name="SHOPPERCHOICE_CREATE_SMARTSHELF" time="0.0">
    <ignored/>
  </testcase> <!-- SHOPPERCHOICE_CREATE_SMARTSHELF -->
  <testcase classname="com.SmartCommerce.PageTests.Click2CartTest" name="C2C_ADD_LABEL_AGENCY" time="0.0">
    <ignored/>
  </testcase> <!-- C2C_ADD_LABEL_AGENCY -->
  <testcase classname="com.SmartCommerce.PageTests.ShopperChoiceTest" name="SHOPPERCHOICE_MANUAL_RETAILER_SELECTION" time="0.0">
    <ignored/>
  </testcase> <!-- SHOPPERCHOICE_MANUAL_RETAILER_SELECTION -->
  <testcase classname="com.SmartCommerce.PageTests.ShopperChoiceTest" name="SHOPPERCHOICE_MARKETING_ASSETS" time="0.0">
    <ignored/>
  </testcase> <!-- SHOPPERCHOICE_MARKETING_ASSETS -->
  <testcase classname="com.SmartCommerce.PageTests.ShopperChoiceTest" name="SHOPPERCHOICE_EDIT_RETAILER" time="0.0">
    <ignored/>
  </testcase> <!-- SHOPPERCHOICE_EDIT_RETAILER -->
  <testcase classname="com.SmartCommerce.PageTests.ShopperChoiceTest" name="SHOPPERCHOICE_CREATE_RETAILER_USING_WILDCARD" time="0.0">
    <ignored/>
  </testcase> <!-- SHOPPERCHOICE_CREATE_RETAILER_USING_WILDCARD -->
  <testcase classname="com.SmartCommerce.PageTests.ShopperChoiceTest" name="ShopperChoice_Click_On_Existing_URL" time="0.0">
    <ignored/>
  </testcase> <!-- ShopperChoice_Click_On_Existing_URL -->
  <testcase classname="com.SmartCommerce.PageTests.Click2CartTest" name="C2C_Copy_URL" time="0.0">
    <ignored/>
  </testcase> <!-- C2C_Copy_URL -->
  <testcase classname="com.SmartCommerce.PageTests.Click2CartTest" name="C2C_ADD_LABEL_MANUFACTURER" time="0.0">
    <ignored/>
  </testcase> <!-- C2C_ADD_LABEL_MANUFACTURER -->
  <testcase classname="com.SmartCommerce.PageTests.ShopperChoiceTest" name="SHOPPERCHOICE_COPY_SMARTSHELF" time="0.0">
    <ignored/>
  </testcase> <!-- SHOPPERCHOICE_COPY_SMARTSHELF -->
  <testcase classname="com.SmartCommerce.PageTests.Click2CartTest" name="C2C_CREATE_USING_NAME" time="0.0">
    <ignored/>
  </testcase> <!-- C2C_CREATE_USING_NAME -->
  <testcase classname="com.SmartCommerce.PageTests.SmartSiteTest" name="SMARTSITE_CREATE_WIDGET_USING_UPC" time="0.0">
    <ignored/>
  </testcase> <!-- SMARTSITE_CREATE_WIDGET_USING_UPC -->
  <testcase classname="com.SmartCommerce.PageTests.SmartSiteTest" name="SMARTSITE_VIEW_WIDGET" time="0.0">
    <ignored/>
  </testcase> <!-- SMARTSITE_VIEW_WIDGET -->
  <testcase classname="com.SmartCommerce.PageTests.Click2CartTest" name="C2C_EDIT_AND_SAVE" time="0.0">
    <ignored/>
  </testcase> <!-- C2C_EDIT_AND_SAVE -->
  <testcase classname="com.SmartCommerce.PageTests.ShopperChoiceTest" name="SHOPPERCHOICE_DELETE_SMARTSHELF" time="0.0">
    <ignored/>
  </testcase> <!-- SHOPPERCHOICE_DELETE_SMARTSHELF -->
  <testcase classname="com.SmartCommerce.PageTests.ShopperChoiceTest" name="ShopperChoice_Delete_URL" time="0.0">
    <ignored/>
  </testcase> <!-- ShopperChoice_Delete_URL -->
  <testcase classname="com.SmartCommerce.PageTests.SmartSiteTest" name="SMARTSITE_CREATE_WIDGET_USING_NAME" time="0.0">
    <ignored/>
  </testcase> <!-- SMARTSITE_CREATE_WIDGET_USING_NAME -->
  <testcase classname="com.SmartCommerce.PageTests.SmartSiteTest" name="SMARTSITE_COPY_WIDGET" time="0.0">
    <ignored/>
  </testcase> <!-- SMARTSITE_COPY_WIDGET -->
  <testcase classname="com.SmartCommerce.PageTests.ShopperChoiceTest" name="SHOPPERCHOICE_ACTIVATE_WTB_RETAILER" time="0.0">
    <ignored/>
  </testcase> <!-- SHOPPERCHOICE_ACTIVATE_WTB_RETAILER -->
  <testcase classname="com.SmartCommerce.PageTests.ShopperChoiceTest" name="SHOPPERCHOICE_CREATE_RETAILER_USING_NAME" time="0.0">
    <ignored/>
  </testcase> <!-- SHOPPERCHOICE_CREATE_RETAILER_USING_NAME -->
  <testcase classname="com.SmartCommerce.PageTests.SmartSiteTest" name="SMARTSITE_EDIT_WIDGET" time="0.0">
    <ignored/>
  </testcase> <!-- SMARTSITE_EDIT_WIDGET -->
  <testcase classname="com.SmartCommerce.PageTests.Click2CartTest" name="C2C_Click_On_Existing_URL" time="0.0">
    <ignored/>
  </testcase> <!-- C2C_Click_On_Existing_URL -->
  <testcase classname="com.SmartCommerce.PageTests.ShopperChoiceTest" name="SHOPPERCHOICE_EDIT_SMARTSHELF" time="0.0">
    <ignored/>
  </testcase> <!-- SHOPPERCHOICE_EDIT_SMARTSHELF -->
  <testcase classname="com.SmartCommerce.PageTests.ShopperChoiceTest" name="ShopperChoice_Copy_Existing_URL" time="0.0">
    <ignored/>
  </testcase> <!-- ShopperChoice_Copy_Existing_URL -->
  <testcase classname="com.SmartCommerce.PageTests.Click2CartTest" name="C2C_CREATE_USING_WILDCARD" time="0.0">
    <ignored/>
  </testcase> <!-- C2C_CREATE_USING_WILDCARD -->
  <testcase classname="com.SmartCommerce.PageTests.ShopperChoiceTest" name="SHOPPERCHOICE_ACTIVATE_LOCAL_RETAILER" time="0.0">
    <ignored/>
  </testcase> <!-- SHOPPERCHOICE_ACTIVATE_LOCAL_RETAILER -->
  <testcase classname="com.SmartCommerce.PageTests.ShopperChoiceTest" name="SHOPPERCHOICE_CREATE_RETAILER_USING_UPC" time="0.0">
    <ignored/>
  </testcase> <!-- SHOPPERCHOICE_CREATE_RETAILER_USING_UPC -->
  <testcase classname="com.SmartCommerce.PageTests.SmartSiteTest" name="SMARTSITE_DELETE_WIDGET" time="0.0">
    <ignored/>
  </testcase> <!-- SMARTSITE_DELETE_WIDGET -->
  <testcase classname="com.SmartCommerce.PageTests.Click2CartTest" name="C2C_Verify_Existing_URLS" time="0.0">
    <ignored/>
  </testcase> <!-- C2C_Verify_Existing_URLS -->
  <testcase classname="com.SmartCommerce.PageTests.ShopperChoiceTest" name="SHOPPERCHOICE_RANDOM_RETAILER_SELECTION" time="0.0">
    <ignored/>
  </testcase> <!-- SHOPPERCHOICE_RANDOM_RETAILER_SELECTION -->
  <testcase classname="com.SmartCommerce.PageTests.ShopperChoiceTest" name="SHOPPERCHOICE_BACKGROUD_ASSETS" time="0.0">
    <ignored/>
  </testcase> <!-- SHOPPERCHOICE_BACKGROUD_ASSETS -->
</testsuite> <!-- SmartCommerce Smoke Test Demo -->
